<?xml version="1.0" encoding="UTF-8"?>
<testng-results ignored="0" total="1" passed="1" failed="0" skipped="0">
  <reporter-output>
  </reporter-output>
  <suite started-at="2025-04-04T20:18:19 IST" name="Default suite" finished-at="2025-04-04T20:18:25 IST" duration-ms="6259">
    <groups>
    </groups>
    <test started-at="2025-04-04T20:18:19 IST" name="Default test" finished-at="2025-04-04T20:18:25 IST" duration-ms="6259">
      <class name="tests.TestAddToCart">
        <test-method is-config="true" signature="login()[pri:0, instance:tests.TestAddToCart@50eac852]" started-at="2025-04-04T20:18:19 IST" name="login" finished-at="2025-04-04T20:18:23 IST" duration-ms="3897" status="PASS">
          <reporter-output>
          </reporter-output>
        </test-method> <!-- login -->
        <test-method signature="testAddToCart()[pri:0, instance:tests.TestAddToCart@50eac852]" started-at="2025-04-04T20:18:23 IST" name="testAddToCart" finished-at="2025-04-04T20:18:25 IST" duration-ms="2342" status="PASS">
          <reporter-output>
          </reporter-output>
        </test-method> <!-- testAddToCart -->
      </class> <!-- tests.TestAddToCart -->
    </test> <!-- Default test -->
  </suite> <!-- Default suite -->
</testng-results>
