<?xml version="1.0" encoding="UTF-8"?>
<testng-results ignored="0" total="1" passed="1" failed="0" skipped="0">
  <reporter-output>
  </reporter-output>
  <suite started-at="2025-04-11T02:15:05 IST" name="Default suite" finished-at="2025-04-11T02:15:11 IST" duration-ms="5408">
    <groups>
    </groups>
    <test started-at="2025-04-11T02:15:05 IST" name="Default test" finished-at="2025-04-11T02:15:11 IST" duration-ms="5408">
      <class name="tests.LoginTest">
        <test-method is-config="true" signature="setup()[pri:0, instance:tests.LoginTest@4fb61f4a]" started-at="2025-04-11T02:15:05 IST" name="setup" finished-at="2025-04-11T02:15:08 IST" duration-ms="2909" status="PASS">
          <reporter-output>
          </reporter-output>
        </test-method> <!-- setup -->
        <test-method signature="testValidLogin()[pri:0, instance:tests.LoginTest@4fb61f4a]" started-at="2025-04-11T02:15:08 IST" name="testValidLogin" finished-at="2025-04-11T02:15:11 IST" duration-ms="2373" status="PASS">
          <reporter-output>
          </reporter-output>
        </test-method> <!-- testValidLogin -->
        <test-method is-config="true" signature="tearDown()[pri:0, instance:tests.LoginTest@4fb61f4a]" started-at="2025-04-11T02:15:11 IST" name="tearDown" finished-at="2025-04-11T02:15:11 IST" duration-ms="108" status="PASS">
          <reporter-output>
          </reporter-output>
        </test-method> <!-- tearDown -->
      </class> <!-- tests.LoginTest -->
    </test> <!-- Default test -->
  </suite> <!-- Default suite -->
</testng-results>
